#
# There is insufficient memory for the Java Runtime Environment to continue.
# Native memory allocation (malloc) failed to allocate 1570096 bytes for Chunk::new
# Possible reasons:
#   The system is out of physical RAM or swap space
#   The process is running with CompressedOops enabled, and the Java Heap may be blocking the growth of the native heap
# Possible solutions:
#   Reduce memory load on the system
#   Increase physical memory or swap space
#   Check if swap backing store is full
#   Decrease Java heap size (-Xmx/-Xms)
#   Decrease number of Java threads
#   Decrease Java thread stack sizes (-Xss)
#   Set larger code cache with -XX:ReservedCodeCacheSize=
#   JVM is running with Unscaled Compressed Oops mode in which the Java heap is
#     placed in the first 4GB address space. The Java Heap base address is the
#     maximum limit for the native heap growth. Please use -XX:HeapBaseMinAddress
#     to set the Java Heap base and to place the Java Heap above 4GB virtual address.
# This output file may be truncated or incomplete.
#
#  Out of Memory Error (allocation.cpp:389), pid=5852, tid=0x0000000000001024
#
# JRE version: OpenJDK Runtime Environment (8.0_242-b01) (build 1.8.0_242-release-1644-b01)
# Java VM: OpenJDK 64-Bit Server VM (25.242-b01 mixed mode windows-amd64 compressed oops)
# Failed to write core dump. Minidumps are not enabled by default on client versions of Windows
#

---------------  T H R E A D  ---------------

Current thread (0x000000001701e800):  JavaThread "C2 CompilerThread2" daemon [_thread_in_native, id=4132, stack(0x00000000198d0000,0x00000000199d0000)]

Stack: [0x00000000198d0000,0x00000000199d0000]
[error occurred during error reporting (printing stack bounds), id 0xc0000005]

Native frames: (J=compiled Java code, j=interpreted, Vv=VM code, C=native code)


Current CompileTask:
C2: 158911 15059 %     4       com.android.tools.r8.ir.regalloc.a::a @ 16 (1761 bytes)


---------------  P R O C E S S  ---------------

Java Threads: ( => current thread )
  0x000000001b8ec800 JavaThread "Cache worker for Java compile cache (D:\Yoga_project\Ashram_App\.gradle\6.5\javaCompile)" [_thread_blocked, id=6124, stack(0x000000001d760000,0x000000001d860000)]
  0x000000001b8eb800 JavaThread "Cache worker for Java compile cache (C:\Users\kiry\.gradle\caches\6.5\javaCompile)" [_thread_blocked, id=4576, stack(0x000000001ca70000,0x000000001cb70000)]
  0x000000001ed48000 JavaThread "stdout" [_thread_in_native, id=4024, stack(0x000000002d670000,0x000000002d770000)]
  0x000000001ed47000 JavaThread "stderr" [_thread_in_native, id=4648, stack(0x000000002d570000,0x000000002d670000)]
  0x000000001ed48800 JavaThread "pool-2-thread-1" [_thread_blocked, id=1552, stack(0x000000002d470000,0x000000002d570000)]
  0x000000001ed45800 JavaThread "WorkerExecutor Queue" [_thread_blocked, id=5868, stack(0x000000002d270000,0x000000002d370000)]
  0x000000001ed45000 JavaThread "Cache worker for execution history cache (D:\Yoga_project\Ashram_App\.gradle\6.5\executionHistory)" [_thread_blocked, id=4452, stack(0x000000002cb70000,0x000000002cc70000)]
  0x000000001ed44000 JavaThread "Execution worker for ':' Thread 7" [_thread_blocked, id=800, stack(0x000000002ca70000,0x000000002cb70000)]
  0x000000001ed43800 JavaThread "Execution worker for ':' Thread 6" [_thread_blocked, id=5784, stack(0x000000002c970000,0x000000002ca70000)]
  0x000000001ed41000 JavaThread "Execution worker for ':' Thread 5" [_thread_blocked, id=2756, stack(0x000000002c870000,0x000000002c970000)]
  0x000000001ed3f800 JavaThread "Execution worker for ':' Thread 4" [_thread_blocked, id=4440, stack(0x000000002c770000,0x000000002c870000)]
  0x000000001ed42000 JavaThread "Execution worker for ':' Thread 3" [_thread_blocked, id=8000, stack(0x000000002c670000,0x000000002c770000)]
  0x000000001ed40800 JavaThread "Execution worker for ':' Thread 2" [_thread_blocked, id=3900, stack(0x000000002c570000,0x000000002c670000)]
  0x000000001ed3d800 JavaThread "Execution worker for ':'" [_thread_blocked, id=216, stack(0x000000002c470000,0x000000002c570000)]
  0x000000001ed3f000 JavaThread "Cache worker for file content cache (D:\Yoga_project\Ashram_App\.gradle\6.5\fileContent)" [_thread_blocked, id=5856, stack(0x000000002b1a0000,0x000000002b2a0000)]
  0x000000001ed3c800 JavaThread "Memory manager" [_thread_blocked, id=3312, stack(0x000000002aea0000,0x000000002afa0000)]
  0x000000001ed3e000 JavaThread "Cache worker for Build Output Cleanup Cache (D:\Yoga_project\Ashram_App\.gradle\buildOutputCleanup)" [_thread_blocked, id=4592, stack(0x0000000027e00000,0x0000000027f00000)]
  0x000000001bd70000 JavaThread "Build operations Thread 8" [_thread_in_native, id=400, stack(0x0000000021e00000,0x0000000021f00000)]
  0x000000001bd73000 JavaThread "Build operations Thread 7" [_thread_in_native, id=4708, stack(0x0000000021d00000,0x0000000021e00000)]
  0x000000001bd72800 JavaThread "Build operations Thread 6" [_thread_blocked, id=6308, stack(0x0000000021c00000,0x0000000021d00000)]
  0x000000001bd71800 JavaThread "Build operations Thread 5" [_thread_blocked, id=3864, stack(0x0000000021b00000,0x0000000021c00000)]
  0x000000001bd6f800 JavaThread "Build operations Thread 4" [_thread_in_native, id=2068, stack(0x0000000021a00000,0x0000000021b00000)]
  0x000000001bd71000 JavaThread "Build operations Thread 3" [_thread_in_native, id=1176, stack(0x0000000021900000,0x0000000021a00000)]
  0x000000001bd6d000 JavaThread "Build operations Thread 2" [_thread_blocked, id=5788, stack(0x0000000021800000,0x0000000021900000)]
  0x000000001bd6b800 JavaThread "Build operations" [_thread_blocked, id=904, stack(0x0000000021700000,0x0000000021800000)]
  0x000000001b831000 JavaThread "Cache worker for file content cache (C:\Users\kiry\.gradle\caches\6.5\fileContent)" [_thread_blocked, id=5292, stack(0x0000000020030000,0x0000000020130000)]
  0x000000001b82d000 JavaThread "Cache worker for execution history cache (C:\Users\kiry\.gradle\caches\6.5\executionHistory)" [_thread_blocked, id=6424, stack(0x000000001f830000,0x000000001f930000)]
  0x000000001b830000 JavaThread "Cache worker for cache directory md-rule (C:\Users\kiry\.gradle\caches\6.5\md-rule)" [_thread_blocked, id=6420, stack(0x000000001f730000,0x000000001f830000)]
  0x000000001b82f800 JavaThread "Cache worker for cache directory md-supplier (C:\Users\kiry\.gradle\caches\6.5\md-supplier)" [_thread_blocked, id=5896, stack(0x000000001f630000,0x000000001f730000)]
  0x000000001b82b800 JavaThread "Cache worker for checksums cache (D:\Yoga_project\Ashram_App\.gradle\checksums)" [_thread_blocked, id=5772, stack(0x000000001f530000,0x000000001f630000)]
  0x000000001b82e800 JavaThread "Cache worker for file hash cache (D:\Yoga_project\Ashram_App\.gradle\6.5\fileHashes)" [_thread_blocked, id=2016, stack(0x000000001f230000,0x000000001f330000)]
  0x000000001b82d800 JavaThread "Cache worker for file hash cache (C:\Users\kiry\.gradle\caches\6.5\fileHashes)" [_thread_blocked, id=1188, stack(0x000000001dd60000,0x000000001de60000)]
  0x000000001b82c000 JavaThread "File lock request listener" [_thread_in_native, id=1288, stack(0x000000001dc60000,0x000000001dd60000)]
  0x000000001b9b3800 JavaThread "Cache worker for journal cache (C:\Users\kiry\.gradle\caches\journal-1)" [_thread_blocked, id=4716, stack(0x000000001db60000,0x000000001dc60000)]
  0x0000000019e58000 JavaThread "Thread-9" [_thread_blocked, id=4104, stack(0x000000001d860000,0x000000001d960000)]
  0x000000001b797000 JavaThread "Asynchronous log dispatcher for DefaultDaemonConnection: socket connection from /127.0.0.1:53983 to /127.0.0.1:53984" [_thread_blocked, id=844, stack(0x000000001d660000,0x000000001d760000)]
  0x000000001b77f000 JavaThread "Daemon worker" [_thread_blocked, id=368, stack(0x000000001d560000,0x000000001d660000)]
  0x000000001b77e800 JavaThread "Cancel handler" [_thread_blocked, id=2024, stack(0x000000001d360000,0x000000001d460000)]
  0x000000001b6dc800 JavaThread "Handler for socket connection from /127.0.0.1:53983 to /127.0.0.1:53984" [_thread_in_native, id=1608, stack(0x000000001d060000,0x000000001d160000)]
  0x000000001b6d9800 JavaThread "Daemon" [_thread_blocked, id=7264, stack(0x000000001cf60000,0x000000001d060000)]
  0x000000001b6c6000 JavaThread "Daemon periodic checks" [_thread_blocked, id=6316, stack(0x000000001ce60000,0x000000001cf60000)]
  0x000000001b6fc000 JavaThread "Incoming local TCP Connector on port 53983" [_thread_in_native, id=7584, stack(0x000000001cc70000,0x000000001cd70000)]
  0x0000000018f5a000 JavaThread "Daemon health stats" [_thread_blocked, id=5504, stack(0x000000001c670000,0x000000001c770000)]
  0x0000000018eb4800 JavaThread "Service Thread" daemon [_thread_blocked, id=4196, stack(0x0000000019ad0000,0x0000000019bd0000)]
  0x0000000018e35800 JavaThread "C1 CompilerThread3" daemon [_thread_blocked, id=5520, stack(0x00000000199d0000,0x0000000019ad0000)]
=>0x000000001701e800 JavaThread "C2 CompilerThread2" daemon [_thread_in_native, id=4132, stack(0x00000000198d0000,0x00000000199d0000)]
  0x000000001701d000 JavaThread "C2 CompilerThread1" daemon [_thread_blocked, id=2752, stack(0x00000000197d0000,0x00000000198d0000)]
  0x0000000018e24000 JavaThread "C2 CompilerThread0" daemon [_thread_blocked, id=2212, stack(0x00000000196d0000,0x00000000197d0000)]
  0x0000000018e22800 JavaThread "Attach Listener" daemon [_thread_blocked, id=4600, stack(0x00000000195d0000,0x00000000196d0000)]
  0x0000000018e21000 JavaThread "Signal Dispatcher" daemon [_thread_blocked, id=6488, stack(0x00000000194d0000,0x00000000195d0000)]
  0x0000000001f9e000 JavaThread "Finalizer" daemon [_thread_blocked, id=2604, stack(0x00000000192f0000,0x00000000193f0000)]
  0x0000000001f97000 JavaThread "Reference Handler" daemon [_thread_blocked, id=5448, stack(0x00000000191f0000,0x00000000192f0000)]
  0x0000000001d4d800 JavaThread "main" [_thread_blocked, id=3824, stack(0x0000000001d50000,0x0000000001e50000)]

Other Threads:
  0x0000000017006000 VMThread [stack: 0x0000000018cf0000,0x0000000018df0000] [id=7516]
  0x0000000018eb5800 WatcherThread [stack: 0x0000000019bd0000,0x0000000019cd0000] [id=2584]

VM state:not at safepoint (normal execution)

VM Mutex/Monitor currently owned by a thread: None

heap address: 0x0000000080000000, size: 2048 MB, Compressed Oops mode: 32-bit
Narrow klass base: 0x0000000000000000, Narrow klass shift: 3
Compressed class space size: 1073741824 Address: 0x0000000100000000

Heap:
 PSYoungGen      total 552448K, used 212193K [0x00000000d5580000, 0x00000000ff580000, 0x0000000100000000)
  eden space 516608K, 38% used [0x00000000d5580000,0x00000000e18a0720,0x00000000f4e00000)
  from space 35840K, 34% used [0x00000000f4e00000,0x00000000f5a17f98,0x00000000f7100000)
  to   space 31232K, 0% used [0x00000000fd700000,0x00000000fd700000,0x00000000ff580000)
 ParOldGen       total 153600K, used 126139K [0x0000000080000000, 0x0000000089600000, 0x00000000d5580000)
  object space 153600K, 82% used [0x0000000080000000,0x0000000087b2edd0,0x0000000089600000)
 Metaspace       used 86163K, capacity 91006K, committed 91288K, reserved 1128448K
  class space    used 11712K, capacity 12611K, committed 12720K, reserved 1048576K

Card table byte_map: [0x0000000011360000,0x0000000011770000] byte_map_base: 0x0000000010f60000

Marking Bits: (ParMarkBitMap*) 0x000000007022f030
 Begin Bits: [0x0000000012220000, 0x0000000014220000)
 End Bits:   [0x0000000014220000, 0x0000000016220000)

Polling page: 0x0000000001d00000

CodeCache: size=245760Kb used=44869Kb max_used=47164Kb free=200890Kb
 bounds [0x0000000001fa0000, 0x0000000004e50000, 0x0000000010fa0000]
 total_blobs=13358 nmethods=12506 adapters=762
 compilation: enabled

Compilation events (10 events):
Event: 157.128 Thread 0x0000000018e24000 nmethod 14842 0x0000000002af5490 code [0x0000000002af55e0, 0x0000000002af5738]
Event: 157.128 Thread 0x0000000018e24000 14878       4       com.android.tools.r8.s.b.o::j (52 bytes)
Event: 157.136 Thread 0x0000000018e24000 nmethod 14878 0x0000000002cfca10 code [0x0000000002cfcbe0, 0x0000000002cfd358]
Event: 157.136 Thread 0x0000000018e24000 14859       4       com.android.tools.r8.s.b.p0::N2 (84 bytes)
Event: 157.140 Thread 0x0000000018e24000 nmethod 14859 0x0000000002489b10 code [0x0000000002489c80, 0x000000000248a058]
Event: 157.140 Thread 0x0000000018e24000 14946       4       java.util.TimSort::sort (229 bytes)
Event: 157.184 Thread 0x0000000018e24000 nmethod 14946 0x0000000004342510 code [0x0000000004342740, 0x0000000004344d08]
Event: 157.184 Thread 0x0000000018e24000 14829       4       com.android.tools.r8.ir.conversion.N::h (398 bytes)
Event: 157.363 Thread 0x0000000018e35800 15151       2       com.google.protobuf.UnknownFieldSet::getDefaultInstance (4 bytes)
Event: 157.363 Thread 0x0000000018e35800 nmethod 15151 0x0000000003bd6650 code [0x0000000003bd67a0, 0x0000000003bd68d0]

GC Heap History (10 events):
Event: 136.407 GC heap before
{Heap before GC invocations=23 (full 4):
 PSYoungGen      total 434688K, used 400416K [0x00000000d5580000, 0x00000000f2a80000, 0x0000000100000000)
  eden space 396288K, 100% used [0x00000000d5580000,0x00000000ed880000,0x00000000ed880000)
  from space 38400K, 10% used [0x00000000efd80000,0x00000000f0188000,0x00000000f2300000)
  to   space 37888K, 0% used [0x00000000ed880000,0x00000000ed880000,0x00000000efd80000)
 ParOldGen       total 153600K, used 102877K [0x0000000080000000, 0x0000000089600000, 0x00000000d5580000)
  object space 153600K, 66% used [0x0000000080000000,0x0000000086477568,0x0000000089600000)
 Metaspace       used 85194K, capacity 89694K, committed 90392K, reserved 1126400K
  class space    used 11626K, capacity 12475K, committed 12592K, reserved 1048576K
Event: 136.421 GC heap after
Heap after GC invocations=23 (full 4):
 PSYoungGen      total 434176K, used 5152K [0x00000000d5580000, 0x00000000f9580000, 0x0000000100000000)
  eden space 396288K, 0% used [0x00000000d5580000,0x00000000d5580000,0x00000000ed880000)
  from space 37888K, 13% used [0x00000000ed880000,0x00000000edd88010,0x00000000efd80000)
  to   space 37376K, 0% used [0x00000000f7100000,0x00000000f7100000,0x00000000f9580000)
 ParOldGen       total 153600K, used 106358K [0x0000000080000000, 0x0000000089600000, 0x00000000d5580000)
  object space 153600K, 69% used [0x0000000080000000,0x00000000867dd8f0,0x0000000089600000)
 Metaspace       used 85194K, capacity 89694K, committed 90392K, reserved 1126400K
  class space    used 11626K, capacity 12475K, committed 12592K, reserved 1048576K
}
Event: 138.150 GC heap before
{Heap before GC invocations=24 (full 4):
 PSYoungGen      total 434176K, used 401440K [0x00000000d5580000, 0x00000000f9580000, 0x0000000100000000)
  eden space 396288K, 100% used [0x00000000d5580000,0x00000000ed880000,0x00000000ed880000)
  from space 37888K, 13% used [0x00000000ed880000,0x00000000edd88010,0x00000000efd80000)
  to   space 37376K, 0% used [0x00000000f7100000,0x00000000f7100000,0x00000000f9580000)
 ParOldGen       total 153600K, used 106358K [0x0000000080000000, 0x0000000089600000, 0x00000000d5580000)
  object space 153600K, 69% used [0x0000000080000000,0x00000000867dd8f0,0x0000000089600000)
 Metaspace       used 85394K, capacity 89992K, committed 90648K, reserved 1128448K
  class space    used 11642K, capacity 12518K, committed 12592K, reserved 1048576K
Event: 138.197 GC heap after
Heap after GC invocations=24 (full 4):
 PSYoungGen      total 553984K, used 5932K [0x00000000d5580000, 0x00000000f9580000, 0x0000000100000000)
  eden space 516608K, 0% used [0x00000000d5580000,0x00000000d5580000,0x00000000f4e00000)
  from space 37376K, 15% used [0x00000000f7100000,0x00000000f76cb050,0x00000000f9580000)
  to   space 35840K, 0% used [0x00000000f4e00000,0x00000000f4e00000,0x00000000f7100000)
 ParOldGen       total 153600K, used 110366K [0x0000000080000000, 0x0000000089600000, 0x00000000d5580000)
  object space 153600K, 71% used [0x0000000080000000,0x0000000086bc7960,0x0000000089600000)
 Metaspace       used 85394K, capacity 89992K, committed 90648K, reserved 1128448K
  class space    used 11642K, capacity 12518K, committed 12592K, reserved 1048576K
}
Event: 140.600 GC heap before
{Heap before GC invocations=25 (full 4):
 PSYoungGen      total 553984K, used 522540K [0x00000000d5580000, 0x00000000f9580000, 0x0000000100000000)
  eden space 516608K, 100% used [0x00000000d5580000,0x00000000f4e00000,0x00000000f4e00000)
  from space 37376K, 15% used [0x00000000f7100000,0x00000000f76cb050,0x00000000f9580000)
  to   space 35840K, 0% used [0x00000000f4e00000,0x00000000f4e00000,0x00000000f7100000)
 ParOldGen       total 153600K, used 110366K [0x0000000080000000, 0x0000000089600000, 0x00000000d5580000)
  object space 153600K, 71% used [0x0000000080000000,0x0000000086bc7960,0x0000000089600000)
 Metaspace       used 85623K, capacity 90216K, committed 90904K, reserved 1128448K
  class space    used 11660K, capacity 12522K, committed 12592K, reserved 1048576K
Event: 140.641 GC heap after
Heap after GC invocations=25 (full 4):
 PSYoungGen      total 552448K, used 7734K [0x00000000d5580000, 0x00000000f9580000, 0x0000000100000000)
  eden space 516608K, 0% used [0x00000000d5580000,0x00000000d5580000,0x00000000f4e00000)
  from space 35840K, 21% used [0x00000000f4e00000,0x00000000f558d9f0,0x00000000f7100000)
  to   space 37376K, 0% used [0x00000000f7100000,0x00000000f7100000,0x00000000f9580000)
 ParOldGen       total 153600K, used 115589K [0x0000000080000000, 0x0000000089600000, 0x00000000d5580000)
  object space 153600K, 75% used [0x0000000080000000,0x00000000870e1688,0x0000000089600000)
 Metaspace       used 85623K, capacity 90216K, committed 90904K, reserved 1128448K
  class space    used 11660K, capacity 12522K, committed 12592K, reserved 1048576K
}
Event: 144.128 GC heap before
{Heap before GC invocations=26 (full 4):
 PSYoungGen      total 552448K, used 524342K [0x00000000d5580000, 0x00000000f9580000, 0x0000000100000000)
  eden space 516608K, 100% used [0x00000000d5580000,0x00000000f4e00000,0x00000000f4e00000)
  from space 35840K, 21% used [0x00000000f4e00000,0x00000000f558d9f0,0x00000000f7100000)
  to   space 37376K, 0% used [0x00000000f7100000,0x00000000f7100000,0x00000000f9580000)
 ParOldGen       total 153600K, used 115589K [0x0000000080000000, 0x0000000089600000, 0x00000000d5580000)
  object space 153600K, 75% used [0x0000000080000000,0x00000000870e1688,0x0000000089600000)
 Metaspace       used 85704K, capacity 90326K, committed 90904K, reserved 1128448K
  class space    used 11668K, capacity 12529K, committed 12592K, reserved 1048576K
Event: 144.170 GC heap after
Heap after GC invocations=26 (full 4):
 PSYoungGen      total 553984K, used 6992K [0x00000000d5580000, 0x00000000f9580000, 0x0000000100000000)
  eden space 516608K, 0% used [0x00000000d5580000,0x00000000d5580000,0x00000000f4e00000)
  from space 37376K, 18% used [0x00000000f7100000,0x00000000f77d4060,0x00000000f9580000)
  to   space 35840K, 0% used [0x00000000f4e00000,0x00000000f4e00000,0x00000000f7100000)
 ParOldGen       total 153600K, used 121713K [0x0000000080000000, 0x0000000089600000, 0x00000000d5580000)
  object space 153600K, 79% used [0x0000000080000000,0x00000000876dc4b8,0x0000000089600000)
 Metaspace       used 85704K, capacity 90326K, committed 90904K, reserved 1128448K
  class space    used 11668K, capacity 12529K, committed 12592K, reserved 1048576K
}
Event: 156.426 GC heap before
{Heap before GC invocations=27 (full 4):
 PSYoungGen      total 553984K, used 523600K [0x00000000d5580000, 0x00000000f9580000, 0x0000000100000000)
  eden space 516608K, 100% used [0x00000000d5580000,0x00000000f4e00000,0x00000000f4e00000)
  from space 37376K, 18% used [0x00000000f7100000,0x00000000f77d4060,0x00000000f9580000)
  to   space 35840K, 0% used [0x00000000f4e00000,0x00000000f4e00000,0x00000000f7100000)
 ParOldGen       total 153600K, used 121713K [0x0000000080000000, 0x0000000089600000, 0x00000000d5580000)
  object space 153600K, 79% used [0x0000000080000000,0x00000000876dc4b8,0x0000000089600000)
 Metaspace       used 86154K, capacity 90932K, committed 91288K, reserved 1128448K
  class space    used 11712K, capacity 12610K, committed 12720K, reserved 1048576K
Event: 156.480 GC heap after
Heap after GC invocations=27 (full 4):
 PSYoungGen      total 552448K, used 12383K [0x00000000d5580000, 0x00000000ff580000, 0x0000000100000000)
  eden space 516608K, 0% used [0x00000000d5580000,0x00000000d5580000,0x00000000f4e00000)
  from space 35840K, 34% used [0x00000000f4e00000,0x00000000f5a17f98,0x00000000f7100000)
  to   space 31232K, 0% used [0x00000000fd700000,0x00000000fd700000,0x00000000ff580000)
 ParOldGen       total 153600K, used 126139K [0x0000000080000000, 0x0000000089600000, 0x00000000d5580000)
  object space 153600K, 82% used [0x0000000080000000,0x0000000087b2edd0,0x0000000089600000)
 Metaspace       used 86154K, capacity 90932K, committed 91288K, reserved 1128448K
  class space    used 11712K, capacity 12610K, committed 12720K, reserved 1048576K
}

Deoptimization events (10 events):
Event: 154.408 Thread 0x000000001bd72800 Uncommon trap: reason=array_check action=maybe_recompile pc=0x0000000003704e58 method=java.util.TimSort.binarySort([Ljava/lang/Object;IIILjava/util/Comparator;)V @ 215
Event: 154.712 Thread 0x000000001bd6b800 Uncommon trap: reason=array_check action=maybe_recompile pc=0x0000000004d6939c method=java.util.TimSort.binarySort([Ljava/lang/Object;IIILjava/util/Comparator;)V @ 183
Event: 154.713 Thread 0x000000001bd6b800 Uncommon trap: reason=array_check action=maybe_recompile pc=0x0000000004d6939c method=java.util.TimSort.binarySort([Ljava/lang/Object;IIILjava/util/Comparator;)V @ 183
Event: 155.572 Thread 0x000000001bd73000 Uncommon trap: reason=unstable_if action=reinterpret pc=0x0000000003c2f120 method=com.android.tools.r8.graph.g0.computeEquals(Ljava/lang/Object;)Z @ 37
Event: 155.848 Thread 0x000000001bd73000 Uncommon trap: reason=unloaded action=reinterpret pc=0x0000000004de0fdc method=com.android.tools.r8.s.a.h.e.a()V @ 87
Event: 156.184 Thread 0x000000001bd70000 Uncommon trap: reason=unstable_if action=reinterpret pc=0x0000000003c1763c method=com.android.tools.r8.graph.I0$d.c()V @ 786
Event: 156.194 Thread 0x000000001bd70000 Uncommon trap: reason=unstable_if action=reinterpret pc=0x0000000003add124 method=com.android.tools.r8.z.a.a.f.a(II[C)Ljava/lang/String; @ 32
Event: 156.642 Thread 0x000000001bd70000 Uncommon trap: reason=unstable_if action=reinterpret pc=0x0000000004e1ffc0 method=com.android.tools.r8.ir.optimize.l.a(Lcom/android/tools/r8/s/b/X;)V @ 231
Event: 156.828 Thread 0x000000001bd70000 Uncommon trap: reason=unstable_if action=reinterpret pc=0x0000000004d79db0 method=com.android.tools.r8.utils.T.a(C)Z @ 15
Event: 156.862 Thread 0x000000001bd70000 Uncommon trap: reason=unstable_if action=reinterpret pc=0x0000000004abd810 method=com.android.tools.r8.ir.regalloc.a.a(Lcom/android/tools/r8/ir/regalloc/a$a;Z)Lcom/android/tools/r8/ir/regalloc/a$a; @ 2282

Classes redefined (0 events):
No events

Internal exceptions (10 events):
Event: 153.475 Thread 0x000000001bd71800 Exception <a 'sun/nio/fs/WindowsException'> (0x00000000e30830c8) thrown at [C:\src\AOSP-openjdk-git\hotspot\src\share\vm\prims\jni.cpp, line 710]
Event: 153.659 Thread 0x000000001bd70000 Exception <a 'sun/nio/fs/WindowsException'> (0x00000000e32c9db8) thrown at [C:\src\AOSP-openjdk-git\hotspot\src\share\vm\prims\jni.cpp, line 710]
Event: 154.318 Thread 0x000000001bd72800 Exception <a 'sun/nio/fs/WindowsException'> (0x00000000e383c760) thrown at [C:\src\AOSP-openjdk-git\hotspot\src\share\vm\prims\jni.cpp, line 710]
Event: 154.427 Thread 0x000000001bd72800 Exception <a 'sun/nio/fs/WindowsException'> (0x00000000e493ac28) thrown at [C:\src\AOSP-openjdk-git\hotspot\src\share\vm\prims\jni.cpp, line 710]
Event: 154.680 Thread 0x000000001bd6b800 Exception <a 'sun/nio/fs/WindowsException'> (0x00000000e4b89980) thrown at [C:\src\AOSP-openjdk-git\hotspot\src\share\vm\prims\jni.cpp, line 710]
Event: 154.715 Thread 0x000000001bd6b800 Exception <a 'sun/nio/fs/WindowsException'> (0x00000000e516f1f0) thrown at [C:\src\AOSP-openjdk-git\hotspot\src\share\vm\prims\jni.cpp, line 710]
Event: 155.550 Thread 0x000000001bd73000 Exception <a 'sun/nio/fs/WindowsException'> (0x00000000e5668230) thrown at [C:\src\AOSP-openjdk-git\hotspot\src\share\vm\prims\jni.cpp, line 710]
Event: 156.174 Thread 0x000000001bd70000 Exception <a 'sun/nio/fs/WindowsException'> (0x00000000eff75e58) thrown at [C:\src\AOSP-openjdk-git\hotspot\src\share\vm\prims\jni.cpp, line 710]
Event: 156.660 Thread 0x000000001bd73000 Exception <a 'sun/nio/fs/WindowsException'> (0x00000000d8f60280) thrown at [C:\src\AOSP-openjdk-git\hotspot\src\share\vm\prims\jni.cpp, line 710]
Event: 157.007 Thread 0x000000001bd70000 Exception <a 'sun/nio/fs/WindowsException'> (0x00000000e0d49ba8) thrown at [C:\src\AOSP-openjdk-git\hotspot\src\share\vm\prims\jni.cpp, line 710]

Events (10 events):
Event: 156.862 Thread 0x000000001bd70000 DEOPT PACKING pc=0x0000000004abd810 sp=0x0000000021ef9cb0
Event: 156.862 Thread 0x000000001bd70000 DEOPT UNPACKING pc=0x0000000001fe557b sp=0x0000000021ef9cb8 mode 2
Event: 156.878 Thread 0x000000001bd70000 DEOPT PACKING pc=0x000000000418b846 sp=0x0000000021ef9c70
Event: 156.878 Thread 0x000000001bd70000 DEOPT UNPACKING pc=0x0000000001fe75d0 sp=0x0000000021ef9b28 mode 0
Event: 156.911 Thread 0x000000001bd70000 DEOPT PACKING pc=0x000000000418b846 sp=0x0000000021ef9c70
Event: 156.911 Thread 0x000000001bd70000 DEOPT UNPACKING pc=0x0000000001fe75d0 sp=0x0000000021ef9b28 mode 0
Event: 156.943 Thread 0x000000001bd70000 DEOPT PACKING pc=0x0000000003f118fc sp=0x0000000021ef9ae0
Event: 156.943 Thread 0x000000001bd70000 DEOPT UNPACKING pc=0x0000000001fe75d0 sp=0x0000000021ef9b30 mode 0
Event: 156.956 Thread 0x000000001bd70000 DEOPT PACKING pc=0x00000000029a6203 sp=0x0000000021efa1a0
Event: 156.956 Thread 0x000000001bd70000 DEOPT UNPACKING pc=0x0000000001fe75d0 sp=0x0000000021ef9f10 mode 0


Dynamic libraries:
0x00007ff67c3d0000 - 0x00007ff67c401000 	C:\Program Files\Android\Android Studio\jre\bin\java.exe
0x00007fff282f0000 - 0x00007fff2849d000 	C:\WINDOWS\SYSTEM32\ntdll.dll
0x00007fff27ab0000 - 0x00007fff27bef000 	C:\WINDOWS\system32\KERNEL32.DLL
0x00007fff25830000 - 0x00007fff25946000 	C:\WINDOWS\system32\KERNELBASE.dll
0x00007fff25a50000 - 0x00007fff25afa000 	C:\WINDOWS\system32\ADVAPI32.dll
0x00007fff27fe0000 - 0x00007fff28157000 	C:\WINDOWS\system32\USER32.dll
0x00007fff205f0000 - 0x00007fff2086b000 	C:\WINDOWS\WinSxS\amd64_microsoft.windows.common-controls_6595b64144ccf1df_6.0.9600.19394_none_62486577ecb635cf\COMCTL32.dll
0x00007fff27f30000 - 0x00007fff27fda000 	C:\WINDOWS\system32\msvcrt.dll
0x00007fff27ed0000 - 0x00007fff27f29000 	C:\WINDOWS\SYSTEM32\sechost.dll
0x00007fff27d90000 - 0x00007fff27ed0000 	C:\WINDOWS\system32\RPCRT4.dll
0x00007fff28180000 - 0x00007fff282cc000 	C:\WINDOWS\system32\GDI32.dll
0x00007fff25950000 - 0x00007fff2597e000 	C:\WINDOWS\system32\SspiCli.dll
0x00007fff27d50000 - 0x00007fff27d86000 	C:\WINDOWS\system32\IMM32.DLL
0x00007fff27bf0000 - 0x00007fff27d42000 	C:\WINDOWS\system32\MSCTF.dll
0x000000006eff0000 - 0x000000006f0c2000 	C:\Program Files\Android\Android Studio\jre\jre\bin\msvcr100.dll
0x000000006fa60000 - 0x00000000702ab000 	C:\Program Files\Android\Android Studio\jre\jre\bin\server\jvm.dll
0x00007fff13990000 - 0x00007fff13999000 	C:\WINDOWS\SYSTEM32\WSOCK32.dll
0x00007fff20e10000 - 0x00007fff20e32000 	C:\WINDOWS\SYSTEM32\WINMM.dll
0x00007fff23560000 - 0x00007fff2356a000 	C:\WINDOWS\SYSTEM32\VERSION.dll
0x00007fff282e0000 - 0x00007fff282e7000 	C:\WINDOWS\system32\PSAPI.DLL
0x00007fff25cf0000 - 0x00007fff25d4a000 	C:\WINDOWS\system32\WS2_32.dll
0x00007fff20260000 - 0x00007fff2028a000 	C:\WINDOWS\SYSTEM32\WINMMBASE.dll
0x00007fff25ce0000 - 0x00007fff25ce9000 	C:\WINDOWS\system32\NSI.dll
0x00007fff254f0000 - 0x00007fff2553f000 	C:\WINDOWS\SYSTEM32\cfgmgr32.dll
0x00007fff24250000 - 0x00007fff24278000 	C:\WINDOWS\SYSTEM32\DEVOBJ.dll
0x00007fff23b30000 - 0x00007fff23b3f000 	C:\Program Files\Android\Android Studio\jre\jre\bin\verify.dll
0x00007fff13c90000 - 0x00007fff13cb9000 	C:\Program Files\Android\Android Studio\jre\jre\bin\java.dll
0x00007fff239a0000 - 0x00007fff239b6000 	C:\Program Files\Android\Android Studio\jre\jre\bin\zip.dll
0x00007fff25fe0000 - 0x00007fff2750b000 	C:\WINDOWS\system32\SHELL32.dll
0x00007fff278a0000 - 0x00007fff27ab0000 	C:\WINDOWS\SYSTEM32\combase.dll
0x00007fff27510000 - 0x00007fff27564000 	C:\WINDOWS\system32\SHLWAPI.dll
0x00007fff231f0000 - 0x00007fff232a2000 	C:\WINDOWS\SYSTEM32\SHCORE.dll
0x00007fff25420000 - 0x00007fff25435000 	C:\WINDOWS\SYSTEM32\profapi.dll
0x00007fff1e540000 - 0x00007fff1e55a000 	C:\Program Files\Android\Android Studio\jre\jre\bin\net.dll
0x00007fff24d20000 - 0x00007fff24d79000 	C:\WINDOWS\system32\mswsock.dll
0x00007fff13a50000 - 0x00007fff13a63000 	C:\Program Files\Android\Android Studio\jre\jre\bin\nio.dll
0x00007fff0efe0000 - 0x00007fff0f007000 	C:\Users\kiry\.gradle\native\f6784746aeab05261644944871eae4fe03e0ef1612fff0a4a95f87b438bc6780\windows-amd64\native-platform.dll
0x00007fff23b20000 - 0x00007fff23b2d000 	C:\Program Files\Android\Android Studio\jre\jre\bin\management.dll
0x00007fff24d80000 - 0x00007fff24da0000 	C:\WINDOWS\SYSTEM32\CRYPTSP.dll
0x00007fff24930000 - 0x00007fff24966000 	C:\WINDOWS\system32\rsaenh.dll
0x00007fff24fd0000 - 0x00007fff24ff6000 	C:\WINDOWS\SYSTEM32\bcrypt.dll
0x00007fff24a40000 - 0x00007fff24a61000 	C:\WINDOWS\SYSTEM32\USERENV.dll
0x00007fff252f0000 - 0x00007fff25353000 	C:\WINDOWS\system32\bcryptprimitives.dll
0x00007fff25360000 - 0x00007fff2536b000 	C:\WINDOWS\SYSTEM32\CRYPTBASE.dll
0x00007fff1f5b0000 - 0x00007fff1f5da000 	C:\WINDOWS\SYSTEM32\IPHLPAPI.DLL
0x00007fff1f3f0000 - 0x00007fff1f3fa000 	C:\WINDOWS\SYSTEM32\WINNSI.DLL
0x00007fff1efc0000 - 0x00007fff1efd6000 	C:\WINDOWS\SYSTEM32\dhcpcsvc6.DLL
0x00007fff1eff0000 - 0x00007fff1f00a000 	C:\WINDOWS\SYSTEM32\dhcpcsvc.DLL

VM Arguments:
jvm_args: -Xmx2048m -Dfile.encoding=UTF-8 -Duser.country=RU -Duser.language=ru -Duser.variant 
java_command: org.gradle.launcher.daemon.bootstrap.GradleDaemon 6.5
java_class_path (initial): C:\Users\kiry\.gradle\wrapper\dists\gradle-6.5-all\2oz4ud9k3tuxjg84bbf55q0tn\gradle-6.5\lib\gradle-launcher-6.5.jar
Launcher Type: SUN_STANDARD

Environment Variables:
PATH=C:\Program Files (x86)\Common Files\Oracle\Java\javapath;C:\Program Files (x86)\Intel\iCLS Client\;C:\Program Files\Intel\iCLS Client\;C:\WINDOWS\system32;C:\WINDOWS;C:\WINDOWS\System32\Wbem;C:\WINDOWS\System32\WindowsPowerShell\v1.0\;C:\Program Files (x86)\Intel\OpenCL SDK\3.0\bin\x86;C:\Program Files (x86)\Intel\OpenCL SDK\3.0\bin\x64;C:\Program Files\Intel\Intel(R) Management Engine Components\DAL;C:\Program Files\Intel\Intel(R) Management Engine Components\IPT;C:\Program Files (x86)\Intel\Intel(R) Management Engine Components\DAL;C:\Program Files (x86)\Intel\Intel(R) Management Engine Components\IPT;C:\Program Files (x86)\ATI Technologies\ATI.ACE\Core-Static;C:\Program Files (x86)\NVIDIA Corporation\PhysX\Common;C:\Program Files\Git\cmd
USERNAME=kiry
OS=Windows_NT
PROCESSOR_IDENTIFIER=Intel64 Family 6 Model 60 Stepping 3, GenuineIntel



---------------  S Y S T E M  ---------------

OS: Windows 8.1 , 64 bit Build 9600 (6.3.9600.19358)

CPU:total 8 (initial active 8) (4 cores per cpu, 2 threads per core) family 6 model 60 stepping 3, cmov, cx8, fxsr, mmx, sse, sse2, sse3, ssse3, sse4.1, sse4.2, popcnt, avx, avx2, aes, clmul, erms, rtm, lzcnt, ht, tsc, tscinvbit, bmi1, bmi2

Memory: 4k page, physical 8299220k(444016k free), swap 11444948k(8168k free)

vm_info: OpenJDK 64-Bit Server VM (25.242-b01) for windows-amd64 JRE (1.8.0_242-release-1644-b01), built by "builder" with MS VC++ 10.0 (VS2010)

time: Sat Feb 13 15:49:57 2021
timezone: RTZ 2 (зима)
elapsed time: 159 seconds (0d 0h 2m 39s)

